Turbo Assembler	 Version 3.1	    02/09/22 22:56:01	    Page 1
lab1.ASM



      1				     title lab1.asm
      2
      3	0000			     .MODEL tiny
      4	0000			     .DATA
      5
      6				     ; byte
      7	0000  00 FF		     i db 0, 255
      8	0002  01		     i1	db -255		; must be WORD value
      9	0003  80 7F		     ii	db -128, 127
     10
     11				     ; my values (byte)
     12	0005  8D			db -115
     13	0006  73			db 115
     14	0007  9D			db 157
     15
     16				     ; word
     17	0008  FF01		     r0	dw -255
     18	000A  0000 FFFF		     r dw 0, 65535
     19	000E  FFFF 8000		     r1	dw -1, -32768
     20	0012  0001 7FFF		     r2	dw 1, 32767
     21	0016  0001		     r3	dw -65535	 ; must	be DOUBLE WORD value
     22	0018  FFFF0001		     r4	dd -65535
     23
     24				     ; my values (word)
     25	001C  FF63			dw -157
     26	001E  F958			dw -1704
     27	0020  06A8			dw 1704
     28	0022  F92E			dw -1746
     29	0024  06D2			dw 1746
     30
     31				     end
Turbo Assembler	 Version 3.1	    02/09/22 22:56:01	    Page 2
Symbol Table




Symbol Name			  Type	 Value

??DATE				  Text	 "02/09/22"
??FILENAME			  Text	 "lab1"
??TIME				  Text	 "22:56:01"
??VERSION			  Number 030A
@32BIT				  Text	 0
@CODE				  Text	 DGROUP
@CODESIZE			  Text	 0
@CPU				  Text	 0101H
@CURSEG				  Text	 _DATA
@DATA				  Text	 DGROUP
@DATASIZE			  Text	 0
@FILENAME			  Text	 lab1
@INTERFACE			  Text	 00H
@MODEL				  Text	 1
@STACK				  Text	 DGROUP
@WORDSIZE			  Text	 2
I				  Byte	 DGROUP:0000
I1				  Byte	 DGROUP:0002
II				  Byte	 DGROUP:0003
R				  Word	 DGROUP:000A
R0				  Word	 DGROUP:0008
R1				  Word	 DGROUP:000E
R2				  Word	 DGROUP:0012
R3				  Word	 DGROUP:0016
R4				  Dword	 DGROUP:0018

Groups & Segments		  Bit Size Align  Combine Class

DGROUP				  Group
  _DATA				  16  0026 Word	  Public  DATA
  _TEXT				  16  0000 Word	  Public  CODE

